Using pre-set license
Built from '2020.3/staging' branch; Version is '2020.3.0f1 (c7b5465681fb) revision 13088070'; Using compiler version '192528614'; Build Type 'Release'
OS: 'Windows 10 Home Single Language; OS build 18363.1440; Version 1909; 64bit' Language: 'es' Physical Memory: 16268 MB
BatchMode: 1, IsHumanControllingUs: 0, StartBugReporterOnCrash: 0, Is64bit: 1, IsPro: 0

 COMMAND LINE ARGUMENTS:
C:\Program Files (x86)\Microsoft Visual Studio\2019\Community\Common7\IDE\2020.3.0f1\Editor\Unity.exe
-adb2
-batchMode
-noUpm
-name
AssetImportWorker0
-projectPath
C:/Users/jysiq/Documents/PachacutiProject/Pachacuti
-logFile
Logs/AssetImportWorker0.log
-srvPort
61304
Successfully changed project path to: C:/Users/jysiq/Documents/PachacutiProject/Pachacuti
C:/Users/jysiq/Documents/PachacutiProject/Pachacuti
Using Asset Import Pipeline V2.
Refreshing native plugins compatible for Editor in 46.26 ms, found 1 plugins.
Preloading 0 native plugins for Editor in 0.00 ms.
Initialize engine version: 2020.3.0f1 (c7b5465681fb)
[Subsystems] Discovering subsystems at path C:/Program Files (x86)/Microsoft Visual Studio/2019/Community/Common7/IDE/2020.3.0f1/Editor/Data/Resources/UnitySubsystems
[Subsystems] Discovering subsystems at path C:/Users/jysiq/Documents/PachacutiProject/Pachacuti/Assets
GfxDevice: creating device client; threaded=0
Direct3D:
    Version:  Direct3D 11.0 [level 11.1]
    Renderer: NVIDIA GeForce GTX 1050 (ID=0x1c8d)
    Vendor:   
    VRAM:     1979 MB
    Driver:   27.21.14.5167
Initialize mono
Mono path[0] = 'C:/Program Files (x86)/Microsoft Visual Studio/2019/Community/Common7/IDE/2020.3.0f1/Editor/Data/Managed'
Mono path[1] = 'C:/Program Files (x86)/Microsoft Visual Studio/2019/Community/Common7/IDE/2020.3.0f1/Editor/Data/MonoBleedingEdge/lib/mono/unityjit'
Mono config path = 'C:/Program Files (x86)/Microsoft Visual Studio/2019/Community/Common7/IDE/2020.3.0f1/Editor/Data/MonoBleedingEdge/etc'
Using monoOptions --debugger-agent=transport=dt_socket,embedding=1,server=y,suspend=n,address=127.0.0.1:56836
Begin MonoManager ReloadAssembly
Registering precompiled unity dll's ...
Register platform support module: C:/Program Files (x86)/Microsoft Visual Studio/2019/Community/Common7/IDE/2020.3.0f1/Editor/Data/PlaybackEngines/WindowsStandaloneSupport/UnityEditor.WindowsStandalone.Extensions.dll
Registered in 0.002784 seconds.
Native extension for WindowsStandalone target not found
Refreshing native plugins compatible for Editor in 44.58 ms, found 1 plugins.
Preloading 0 native plugins for Editor in 0.00 ms.
Invoked RoslynAnalysisRunner static constructor.
RoslynAnalysisRunner will not be running.
RoslynAnalysisRunner has terminated.
Mono: successfully reloaded assembly
- Completed reload, in  1.374 seconds
Platform modules already initialized, skipping
Registering precompiled user dll's ...
Registered in 0.001430 seconds.
Begin MonoManager ReloadAssembly
Native extension for WindowsStandalone target not found
Refreshing native plugins compatible for Editor in 45.09 ms, found 1 plugins.
Preloading 0 native plugins for Editor in 0.00 ms.
Invoked RoslynAnalysisRunner static constructor.
RoslynAnalysisRunner will not be running.
RoslynAnalysisRunner has terminated.
Mono: successfully reloaded assembly
- Completed reload, in  1.196 seconds
Platform modules already initialized, skipping
========================================================================
Worker process is ready to serve import requests
Launched and connected shader compiler UnityShaderCompiler.exe after 0.06 seconds
Refreshing native plugins compatible for Editor in 0.67 ms, found 1 plugins.
Preloading 0 native plugins for Editor in 0.00 ms.
Unloading 1822 Unused Serialized files (Serialized files now loaded: 0)
System memory in use before: 85.0 MB.
System memory in use after: 85.1 MB.

Unloading 19 unused Assets to reduce memory usage. Loaded Objects now: 2271.
Total: 2.778700 ms (FindLiveObjects: 0.254700 ms CreateObjectMapping: 0.075500 ms MarkObjects: 2.342900 ms  DeleteObjects: 0.104200 ms)

========================================================================
Received Import Request.
  path: Assets/Assets_DevilsWorkShop
  artifactKey: Guid(c8da802ae8af0a5488884f7b9c88493e) Importer(815301076,1909f56bfc062723c751e8b465ee728b)
Start importing Assets/Assets_DevilsWorkShop using Guid(c8da802ae8af0a5488884f7b9c88493e) Importer(815301076,1909f56bfc062723c751e8b465ee728b)  -> (artifact id: 'a210ed16dc9dcc6da7d6c16cef2897a4') in 0.007321 seconds
  Import took 0.010795 seconds .

========================================================================
Received Import Request.
  Time since last request: 2.712185 seconds.
  path: Assets/Palettes
  artifactKey: Guid(796ec88bdffd81e45b04e066f613e1a8) Importer(815301076,1909f56bfc062723c751e8b465ee728b)
Start importing Assets/Palettes using Guid(796ec88bdffd81e45b04e066f613e1a8) Importer(815301076,1909f56bfc062723c751e8b465ee728b)  -> (artifact id: 'dc8af70cb37b0edaf172d3ba64b200fa') in 0.003428 seconds
  Import took 0.008844 seconds .

========================================================================
Received Import Request.
  Time since last request: 7.643434 seconds.
  path: Assets/Scenes/StrategyMap.unity
  artifactKey: Guid(3a9180f6d79ec4c43ab13e98a73e0c1b) Importer(815301076,1909f56bfc062723c751e8b465ee728b)
Start importing Assets/Scenes/StrategyMap.unity using Guid(3a9180f6d79ec4c43ab13e98a73e0c1b) Importer(815301076,1909f56bfc062723c751e8b465ee728b)  -> (artifact id: 'c8ecbbf3c18751d0271500e34c712f20') in 0.016986 seconds
  Import took 0.023781 seconds .

========================================================================
Received Prepare
Registering precompiled user dll's ...
Registered in 0.003669 seconds.
Begin MonoManager ReloadAssembly
Native extension for WindowsStandalone target not found
Refreshing native plugins compatible for Editor in 0.36 ms, found 1 plugins.
Preloading 0 native plugins for Editor in 0.00 ms.
Invoked RoslynAnalysisRunner static constructor.
RoslynAnalysisRunner will not be running.
RoslynAnalysisRunner has terminated.
Mono: successfully reloaded assembly
- Completed reload, in  1.100 seconds
Platform modules already initialized, skipping
Refreshing native plugins compatible for Editor in 0.88 ms, found 1 plugins.
Preloading 0 native plugins for Editor in 0.00 ms.
Unloading 1812 Unused Serialized files (Serialized files now loaded: 0)
System memory in use before: 84.6 MB.
System memory in use after: 84.7 MB.

Unloading 8 unused Assets to reduce memory usage. Loaded Objects now: 2274.
Total: 2.963800 ms (FindLiveObjects: 0.237300 ms CreateObjectMapping: 0.078400 ms MarkObjects: 2.624900 ms  DeleteObjects: 0.021600 ms)

========================================================================
Received Import Request.
  Time since last request: 119.666466 seconds.
  path: Assets/Resources/Textures/map.png
  artifactKey: Guid(b6c8aa0126e92814d8e80927ae18c482) Importer(815301076,1909f56bfc062723c751e8b465ee728b)
Start importing Assets/Resources/Textures/map.png using Guid(b6c8aa0126e92814d8e80927ae18c482) Importer(815301076,1909f56bfc062723c751e8b465ee728b)  -> (artifact id: '56cfedccf4fbae1c8d3ca3c3043dc3de') in 0.241466 seconds
  Import took 0.249523 seconds .

========================================================================
Received Import Request.
  Time since last request: 0.000396 seconds.
  path: Assets/Resources/Textures/temporalAssets/paracas.PNG
  artifactKey: Guid(7cb0127db7ef1014595b258009554824) Importer(815301076,1909f56bfc062723c751e8b465ee728b)
Start importing Assets/Resources/Textures/temporalAssets/paracas.PNG using Guid(7cb0127db7ef1014595b258009554824) Importer(815301076,1909f56bfc062723c751e8b465ee728b)  -> (artifact id: '32ec36f9cdef985cb71eeb5b638df4f3') in 0.024208 seconds
  Import took 0.029719 seconds .

========================================================================
Received Import Request.
  Time since last request: 0.000403 seconds.
  path: Assets/Resources/Textures/temporalAssets/mayas.PNG
  artifactKey: Guid(3c67f893924e1594b8bac104fb9311b4) Importer(815301076,1909f56bfc062723c751e8b465ee728b)
Start importing Assets/Resources/Textures/temporalAssets/mayas.PNG using Guid(3c67f893924e1594b8bac104fb9311b4) Importer(815301076,1909f56bfc062723c751e8b465ee728b)  -> (artifact id: '7ddf8fb2af387d9c417464cc59d274cf') in 0.022369 seconds
  Import took 0.027731 seconds .

========================================================================
Received Import Request.
  Time since last request: 2.405716 seconds.
  path: Assets/Resources/Textures/temporalAssets/incas.PNG
  artifactKey: Guid(b3894edb07afbfe4991b04bcba03508e) Importer(815301076,1909f56bfc062723c751e8b465ee728b)
Start importing Assets/Resources/Textures/temporalAssets/incas.PNG using Guid(b3894edb07afbfe4991b04bcba03508e) Importer(815301076,1909f56bfc062723c751e8b465ee728b)  -> (artifact id: '9d54b30c6959ef8ca614d2fbbd08f0a9') in 0.022248 seconds
  Import took 0.027467 seconds .

========================================================================
Received Import Request.
  Time since last request: 0.000363 seconds.
  path: Assets/Resources/Textures/temporalAssets/fondo.PNG
  artifactKey: Guid(2b3af7c1f754bc346bb5175372ea57a7) Importer(815301076,1909f56bfc062723c751e8b465ee728b)
Start importing Assets/Resources/Textures/temporalAssets/fondo.PNG using Guid(2b3af7c1f754bc346bb5175372ea57a7) Importer(815301076,1909f56bfc062723c751e8b465ee728b)  -> (artifact id: 'ce6688a313d40eacb290490a315a2814') in 0.022848 seconds
  Import took 0.029050 seconds .

========================================================================
Received Import Request.
  Time since last request: 0.000531 seconds.
  path: Assets/Resources/Textures/temporalAssets/inca.PNG
  artifactKey: Guid(409ac061e9e66174080a4691f15ca694) Importer(815301076,1909f56bfc062723c751e8b465ee728b)
Start importing Assets/Resources/Textures/temporalAssets/inca.PNG using Guid(409ac061e9e66174080a4691f15ca694) Importer(815301076,1909f56bfc062723c751e8b465ee728b)  -> (artifact id: 'cec7f4a761a7ce6656a759eeb5ba906c') in 0.022044 seconds
  Import took 0.028553 seconds .

========================================================================
Received Import Request.
  Time since last request: 0.000525 seconds.
  path: Assets/Resources/Textures/LinearLine.png
  artifactKey: Guid(7b901bfbb9afc534aa21d570446c4d40) Importer(815301076,1909f56bfc062723c751e8b465ee728b)
Start importing Assets/Resources/Textures/LinearLine.png using Guid(7b901bfbb9afc534aa21d570446c4d40) Importer(815301076,1909f56bfc062723c751e8b465ee728b)  -> (artifact id: '27be638638b34e70d47a42aea9cadc7d') in 0.018333 seconds
  Import took 0.022282 seconds .

========================================================================
Received Import Request.
  Time since last request: 0.018386 seconds.
  path: Assets/Resources/Textures/temporalAssets/aztecas.PNG
  artifactKey: Guid(18320c0c0f559a6458d3ec6b639078b0) Importer(815301076,1909f56bfc062723c751e8b465ee728b)
Start importing Assets/Resources/Textures/temporalAssets/aztecas.PNG using Guid(18320c0c0f559a6458d3ec6b639078b0) Importer(815301076,1909f56bfc062723c751e8b465ee728b)  -> (artifact id: '0164c5d8279141b835c89d0e7443a1b5') in 0.023455 seconds
  Import took 0.027999 seconds .

========================================================================
Received Import Request.
  Time since last request: 429.569983 seconds.
  path: Assets/Scripts/Menu-Options/ChangeWindow.cs
  artifactKey: Guid(68b6da5b29761bb43a76326e0fe5e321) Importer(815301076,1909f56bfc062723c751e8b465ee728b)
Start importing Assets/Scripts/Menu-Options/ChangeWindow.cs using Guid(68b6da5b29761bb43a76326e0fe5e321) Importer(815301076,1909f56bfc062723c751e8b465ee728b)  -> (artifact id: '14cb574092c292cf67eb5b26f9a97a44') in 0.017904 seconds
  Import took 0.024515 seconds .

========================================================================
Received Import Request.
  Time since last request: 0.002573 seconds.
  path: Assets/Scripts/Menu-Options/ChangeWindow.cs
  artifactKey: Guid(68b6da5b29761bb43a76326e0fe5e321) Importer(815301076,1909f56bfc062723c751e8b465ee728b)
Start importing Assets/Scripts/Menu-Options/ChangeWindow.cs using Guid(68b6da5b29761bb43a76326e0fe5e321) Importer(815301076,1909f56bfc062723c751e8b465ee728b)  -> (artifact id: '14cb574092c292cf67eb5b26f9a97a44') in 0.005601 seconds
  Import took 0.012283 seconds .

========================================================================
Received Prepare
Registering precompiled user dll's ...
Registered in 0.002047 seconds.
Begin MonoManager ReloadAssembly
Native extension for WindowsStandalone target not found
Refreshing native plugins compatible for Editor in 0.36 ms, found 1 plugins.
Preloading 0 native plugins for Editor in 0.00 ms.
Invoked RoslynAnalysisRunner static constructor.
RoslynAnalysisRunner will not be running.
RoslynAnalysisRunner has terminated.
Mono: successfully reloaded assembly
- Completed reload, in  1.086 seconds
Platform modules already initialized, skipping
Refreshing native plugins compatible for Editor in 0.36 ms, found 1 plugins.
Preloading 0 native plugins for Editor in 0.00 ms.
Unloading 1803 Unused Serialized files (Serialized files now loaded: 0)
System memory in use before: 87.6 MB.
System memory in use after: 87.7 MB.

Unloading 8 unused Assets to reduce memory usage. Loaded Objects now: 2314.
Total: 2.535800 ms (FindLiveObjects: 0.303000 ms CreateObjectMapping: 0.133100 ms MarkObjects: 2.077800 ms  DeleteObjects: 0.020800 ms)

========================================================================
Received Prepare
Registering precompiled user dll's ...
Registered in 0.001302 seconds.
Begin MonoManager ReloadAssembly
Native extension for WindowsStandalone target not found
Refreshing native plugins compatible for Editor in 1.10 ms, found 1 plugins.
Preloading 0 native plugins for Editor in 0.00 ms.
Invoked RoslynAnalysisRunner static constructor.
RoslynAnalysisRunner will not be running.
RoslynAnalysisRunner has terminated.
Mono: successfully reloaded assembly
- Completed reload, in  1.062 seconds
Platform modules already initialized, skipping
Refreshing native plugins compatible for Editor in 0.38 ms, found 1 plugins.
Preloading 0 native plugins for Editor in 0.00 ms.
Unloading 1803 Unused Serialized files (Serialized files now loaded: 0)
System memory in use before: 87.6 MB.
System memory in use after: 87.7 MB.

Unloading 8 unused Assets to reduce memory usage. Loaded Objects now: 2317.
Total: 2.482700 ms (FindLiveObjects: 0.314500 ms CreateObjectMapping: 0.107000 ms MarkObjects: 2.042800 ms  DeleteObjects: 0.017100 ms)

========================================================================
Received Prepare
Registering precompiled user dll's ...
Registered in 0.001541 seconds.
Begin MonoManager ReloadAssembly
Native extension for WindowsStandalone target not found
Refreshing native plugins compatible for Editor in 0.42 ms, found 1 plugins.
Preloading 0 native plugins for Editor in 0.00 ms.
Invoked RoslynAnalysisRunner static constructor.
RoslynAnalysisRunner will not be running.
RoslynAnalysisRunner has terminated.
Mono: successfully reloaded assembly
- Completed reload, in  1.122 seconds
Platform modules already initialized, skipping
Refreshing native plugins compatible for Editor in 0.45 ms, found 1 plugins.
Preloading 0 native plugins for Editor in 0.00 ms.
Unloading 1803 Unused Serialized files (Serialized files now loaded: 0)
System memory in use before: 87.6 MB.
System memory in use after: 87.7 MB.

Unloading 8 unused Assets to reduce memory usage. Loaded Objects now: 2320.
Total: 2.639800 ms (FindLiveObjects: 0.357500 ms CreateObjectMapping: 0.110100 ms MarkObjects: 2.144500 ms  DeleteObjects: 0.025800 ms)

========================================================================
Received Prepare
Registering precompiled user dll's ...
Registered in 0.001222 seconds.
Begin MonoManager ReloadAssembly
Native extension for WindowsStandalone target not found
Refreshing native plugins compatible for Editor in 0.36 ms, found 1 plugins.
Preloading 0 native plugins for Editor in 0.00 ms.
Invoked RoslynAnalysisRunner static constructor.
RoslynAnalysisRunner will not be running.
RoslynAnalysisRunner has terminated.
Mono: successfully reloaded assembly
- Completed reload, in  1.065 seconds
Platform modules already initialized, skipping
Refreshing native plugins compatible for Editor in 0.37 ms, found 1 plugins.
Preloading 0 native plugins for Editor in 0.00 ms.
Unloading 1803 Unused Serialized files (Serialized files now loaded: 0)
System memory in use before: 87.6 MB.
System memory in use after: 87.7 MB.

Unloading 8 unused Assets to reduce memory usage. Loaded Objects now: 2323.
Total: 3.689700 ms (FindLiveObjects: 0.718300 ms CreateObjectMapping: 0.219900 ms MarkObjects: 2.726400 ms  DeleteObjects: 0.022700 ms)

AssetImportWorkerClient::OnTransportError - code=2 error=End of file
